[Mon, 09 Sep 2013 00:35:34 +0400] (E)Error; It is required for operation of several payment gateways and systems (such as PayPal, Authorize.NET,&nbsp;&nbsp;&nbsp; <br />Google Checkout, etc), real-time shipping services (FedEx, UPS, DHL/Airborne) and for checking <br />if the server supports a secure connection
[Mon, 09 Sep 2013 00:35:34 +0400] (E)Error; Server configuration does not meet the requirements
[Mon, 09 Sep 2013 00:36:00 +0400] (E)Error; It is required for operation of several payment gateways and systems (such as PayPal, Authorize.NET,&nbsp;&nbsp;&nbsp; <br />Google Checkout, etc), real-time shipping services (FedEx, UPS, DHL/Airborne) and for checking <br />if the server supports a secure connection
[Mon, 09 Sep 2013 00:36:00 +0400] (E)Error; Server configuration does not meet the requirements
[Mon, 09 Sep 2013 00:36:05 +0400] (E)Error; It is required for operation of several payment gateways and systems (such as PayPal, Authorize.NET,&nbsp;&nbsp;&nbsp; <br />Google Checkout, etc), real-time shipping services (FedEx, UPS, DHL/Airborne) and for checking <br />if the server supports a secure connection
[Mon, 09 Sep 2013 00:36:05 +0400] (E)Error; Server configuration does not meet the requirements
[Mon, 09 Sep 2013 00:36:19 +0400] (E)Error; It is required for operation of several payment gateways and systems (such as PayPal, Authorize.NET,&nbsp;&nbsp;&nbsp; <br />Google Checkout, etc), real-time shipping services (FedEx, UPS, DHL/Airborne) and for checking <br />if the server supports a secure connection
[Mon, 09 Sep 2013 00:36:19 +0400] (E)Error; Server configuration does not meet the requirements
[Mon, 09 Sep 2013 00:38:49 +0400] (N); Creating database scheme
[Mon, 09 Sep 2013 00:38:50 +0400] (N); Importing data
[Mon, 09 Sep 2013 00:38:50 +0400] (N); Creating demo
[Mon, 09 Sep 2013 00:38:51 +0400] (N); Installing additional language en
[Mon, 09 Sep 2013 00:38:52 +0400] (N); Installing additional language en
[Mon, 09 Sep 2013 00:38:53 +0400] (N); access_restrictions add-on installed
[Mon, 09 Sep 2013 00:38:53 +0400] (N); attachments add-on installed
[Mon, 09 Sep 2013 00:38:53 +0400] (N); banners add-on installed
[Mon, 09 Sep 2013 00:38:53 +0400] (N); barcode add-on installed
[Mon, 09 Sep 2013 00:38:53 +0400] (N); bestsellers add-on installed
[Mon, 09 Sep 2013 00:38:53 +0400] (N); buy_together add-on installed
[Mon, 09 Sep 2013 00:38:53 +0400] (N); catalog_mode add-on installed
[Mon, 09 Sep 2013 00:38:53 +0400] (N); customers_also_bought add-on installed
[Mon, 09 Sep 2013 00:38:53 +0400] (N); data_feeds add-on installed
[Mon, 09 Sep 2013 00:38:53 +0400] (N); discussion add-on installed
[Mon, 09 Sep 2013 00:38:53 +0400] (N); form_builder add-on installed
[Mon, 09 Sep 2013 00:38:54 +0400] (N); gift_certificates add-on installed
[Mon, 09 Sep 2013 00:38:54 +0400] (N); gift_registry add-on installed
[Mon, 09 Sep 2013 00:38:54 +0400] (N); google_analytics add-on installed
[Mon, 09 Sep 2013 00:38:54 +0400] (N); google_sitemap add-on installed
[Mon, 09 Sep 2013 00:38:54 +0400] (N); hidpi add-on installed
[Mon, 09 Sep 2013 00:38:54 +0400] (N); hybrid_auth add-on installed
[Mon, 09 Sep 2013 00:38:54 +0400] (N); image_zoom add-on installed
[Mon, 09 Sep 2013 00:38:54 +0400] (N); janrain add-on installed
[Mon, 09 Sep 2013 00:38:54 +0400] (N); my_changes add-on installed
[Mon, 09 Sep 2013 00:38:54 +0400] (N); news_and_emails add-on installed
[Mon, 09 Sep 2013 00:38:54 +0400] (N); polls add-on installed
[Mon, 09 Sep 2013 00:38:54 +0400] (N); price_list add-on installed
[Mon, 09 Sep 2013 00:38:54 +0400] (N); required_products add-on installed
[Mon, 09 Sep 2013 00:38:54 +0400] (N); reward_points add-on installed
[Mon, 09 Sep 2013 00:38:54 +0400] (N); rma add-on installed
[Mon, 09 Sep 2013 00:38:54 +0400] (N); rss_feed add-on installed
[Mon, 09 Sep 2013 00:38:54 +0400] (N); seo add-on installed
[Mon, 09 Sep 2013 00:38:55 +0400] (N); social_buttons add-on installed
[Mon, 09 Sep 2013 00:38:55 +0400] (N); statistics add-on installed
[Mon, 09 Sep 2013 00:38:55 +0400] (N); store_locator add-on installed
[Mon, 09 Sep 2013 00:38:55 +0400] (N); tags add-on installed
[Mon, 09 Sep 2013 00:38:55 +0400] (N); twigmo add-on installed
[Mon, 09 Sep 2013 00:38:55 +0400] (N); vendor_data_premoderation add-on installed
[Mon, 09 Sep 2013 00:38:55 +0400] (N); watermarks add-on installed
[Mon, 09 Sep 2013 00:38:55 +0400] (N); wishlist add-on installed
